<?xml version="1.0" encoding="UTF-8"?>
<!-- Generated by org.testng.reporters.JUnitXMLReporter -->
<testsuite ignored="0" hostname="AnkitPC" failures="4" tests="6" name="loginTest" time="63.368" errors="0" timestamp="14 Oct 2022 11:34:19 GMT">
  <testcase classname="com.bikkadit.ebam.testCases.TC_LoginTest_002" name="loginDDT" time="13.482"/>
  <testcase classname="com.bikkadit.ebam.testCases.TC_LoginTest_002" name="loginDDT" time="6.315">
    <failure type="junit.framework.AssertionFailedError">
      <![CDATA[junit.framework.AssertionFailedError
at junit.framework.Assert.fail(Assert.java:47)
at junit.framework.Assert.assertTrue(Assert.java:20)
at junit.framework.Assert.assertTrue(Assert.java:27)
at com.bikkadit.ebam.testCases.TC_LoginTest_002.loginDDT(TC_LoginTest_002.java:31)
... Removed 25 stack frames]]>
    </failure>
  </testcase> <!-- loginDDT -->
  <testcase classname="com.bikkadit.ebam.testCases.TC_LoginTest_002" name="loginDDT" time="6.106">
    <failure type="junit.framework.AssertionFailedError">
      <![CDATA[junit.framework.AssertionFailedError
at junit.framework.Assert.fail(Assert.java:47)
at junit.framework.Assert.assertTrue(Assert.java:20)
at junit.framework.Assert.assertTrue(Assert.java:27)
at com.bikkadit.ebam.testCases.TC_LoginTest_002.loginDDT(TC_LoginTest_002.java:31)
... Removed 25 stack frames]]>
    </failure>
  </testcase> <!-- loginDDT -->
  <testcase classname="com.bikkadit.ebam.testCases.TC_LoginTest_002" name="loginDDT" time="6.413">
    <failure type="junit.framework.AssertionFailedError">
      <![CDATA[junit.framework.AssertionFailedError
at junit.framework.Assert.fail(Assert.java:47)
at junit.framework.Assert.assertTrue(Assert.java:20)
at junit.framework.Assert.assertTrue(Assert.java:27)
at com.bikkadit.ebam.testCases.TC_LoginTest_002.loginDDT(TC_LoginTest_002.java:31)
... Removed 25 stack frames]]>
    </failure>
  </testcase> <!-- loginDDT -->
  <testcase classname="com.bikkadit.ebam.testCases.TC_LoginTest_002" name="loginDDT" time="11.426"/>
  <testcase classname="com.bikkadit.ebam.testCases.TC_NewCustomer_003" name="newCustomer" time="2.053">
    <failure type="org.testng.internal.reflect.MethodMatcherException" message="
Data provider mismatch
Method: newCustomer([Parameter{index=0, type=java.lang.String, declaredAnnotations=[]}, Parameter{index=1, type=java.lang.String, declaredAnnotations=[]}, Parameter{index=2, type=java.lang.String, declaredAnnotations=[]}, Parameter{index=3, type=java.lang.String, declaredAnnotations=[]}, Parameter{index=4, type=java.lang.String, declaredAnnotations=[]}, Parameter{index=5, type=java.lang.String, declaredAnnotations=[]}, Parameter{index=6, type=java.lang.String, declaredAnnotations=[]}, Parameter{index=7, type=java.lang.String, declaredAnnotations=[]}])
Arguments: [(java.lang.String) Ankit Lande,(java.lang.String) 9/6/97,(java.lang.String) Mata mandir ward no.14,(java.lang.String) Rajura,(java.lang.String) Maharashtra,(java.lang.String) 442905,(java.lang.String) 9923058476,(java.lang.String) ankitlande.83@gmail.com,(java.lang.String) 123456]">
      <![CDATA[org.testng.internal.reflect.MethodMatcherException: 
Data provider mismatch
Method: newCustomer([Parameter{index=0, type=java.lang.String, declaredAnnotations=[]}, Parameter{index=1, type=java.lang.String, declaredAnnotations=[]}, Parameter{index=2, type=java.lang.String, declaredAnnotations=[]}, Parameter{index=3, type=java.lang.String, declaredAnnotations=[]}, Parameter{index=4, type=java.lang.String, declaredAnnotations=[]}, Parameter{index=5, type=java.lang.String, declaredAnnotations=[]}, Parameter{index=6, type=java.lang.String, declaredAnnotations=[]}, Parameter{index=7, type=java.lang.String, declaredAnnotations=[]}])
Arguments: [(java.lang.String) Ankit Lande,(java.lang.String) 9/6/97,(java.lang.String) Mata mandir ward no.14,(java.lang.String) Rajura,(java.lang.String) Maharashtra,(java.lang.String) 442905,(java.lang.String) 9923058476,(java.lang.String) ankitlande.83@gmail.com,(java.lang.String) 123456]
... Removed 20 stack frames]]>
    </failure>
  </testcase> <!-- newCustomer -->
</testsuite> <!-- loginTest -->
