<?xml version="1.0" encoding="UTF-8"?>
<testsuite name="TestSuite" time="29.262" tests="6" errors="0" skipped="0" failures="4">
  <properties>
[...]
</properties>
  <testcase name="loginDDT" classname="com.bikkadit.ebam.testCases.TC_LoginTest_002" time="12.134"/>
  <testcase name="loginDDT" classname="com.bikkadit.ebam.testCases.TC_LoginTest_002" time="8.448">
    <failure type="junit.framework.AssertionFailedError:">junit.framework.AssertionFailedError: null
	at junit.framework.Assert.fail(Assert.java:47)
	at junit.framework.Assert.assertTrue(Assert.java:20)
	at junit.framework.Assert.assertTrue(Assert.java:27)
	at com.bikkadit.ebam.testCases.TC_LoginTest_002.loginDDT(TC_LoginTest_002.java:31)
</failure>
    <system-out><![CDATA[ INFO [main] (TC_LoginTest_002.java:20)- username provided
 INFO [main] (TC_LoginTest_002.java:22)- password provided
]]></system-out>
  </testcase>
  <testcase name="loginDDT" classname="com.bikkadit.ebam.testCases.TC_LoginTest_002" time="6.382">
    <failure type="junit.framework.AssertionFailedError:">junit.framework.AssertionFailedError: null
	at junit.framework.Assert.fail(Assert.java:47)
	at junit.framework.Assert.assertTrue(Assert.java:20)
	at junit.framework.Assert.assertTrue(Assert.java:27)
	at com.bikkadit.ebam.testCases.TC_LoginTest_002.loginDDT(TC_LoginTest_002.java:31)
</failure>
    <system-out><![CDATA[ INFO [main] (TC_LoginTest_002.java:20)- username provided
 INFO [main] (TC_LoginTest_002.java:22)- password provided
]]></system-out>
  </testcase>
  <testcase name="loginDDT" classname="com.bikkadit.ebam.testCases.TC_LoginTest_002" time="5.844">
    <failure type="junit.framework.AssertionFailedError:">junit.framework.AssertionFailedError: null
	at junit.framework.Assert.fail(Assert.java:47)
	at junit.framework.Assert.assertTrue(Assert.java:20)
	at junit.framework.Assert.assertTrue(Assert.java:27)
	at com.bikkadit.ebam.testCases.TC_LoginTest_002.loginDDT(TC_LoginTest_002.java:31)
</failure>
    <system-out><![CDATA[ INFO [main] (TC_LoginTest_002.java:20)- username provided
 INFO [main] (TC_LoginTest_002.java:22)- password provided
]]></system-out>
  </testcase>
  <testcase name="loginDDT" classname="com.bikkadit.ebam.testCases.TC_LoginTest_002" time="11.359"/>
  <testcase name="newCustomer" classname="com.bikkadit.ebam.testCases.TC_NewCustomer_003" time="17.128">
    <failure message="&#10;Data provider mismatch&#10;Method: newCustomer([Parameter{index=0, type=java.lang.String, declaredAnnotations=[]}, Parameter{index=1, type=java.lang.String, declaredAnnotations=[]}, Parameter{index=2, type=java.lang.String, declaredAnnotations=[]}, Parameter{index=3, type=java.lang.String, declaredAnnotations=[]}, Parameter{index=4, type=java.lang.String, declaredAnnotations=[]}, Parameter{index=5, type=java.lang.String, declaredAnnotations=[]}, Parameter{index=6, type=java.lang.String, declaredAnnotations=[]}, Parameter{index=7, type=java.lang.String, declaredAnnotations=[]}])&#10;Arguments: [(java.lang.String) Ankit Lande,(java.lang.String) 9/6/97,(java.lang.String) Mata mandir ward no.14,(java.lang.String) Rajura,(java.lang.String) Maharashtra,(java.lang.String) 442905,(java.lang.String) 9923058476,(java.lang.String) ankitlande.83@gmail.com,(java.lang.String) 123456]" type="org.testng.internal.reflect.MethodMatcherException">org.testng.internal.reflect.MethodMatcherException: 
Data provider mismatch
Method: newCustomer([Parameter{index=0, type=java.lang.String, declaredAnnotations=[]}, Parameter{index=1, type=java.lang.String, declaredAnnotations=[]}, Parameter{index=2, type=java.lang.String, declaredAnnotations=[]}, Parameter{index=3, type=java.lang.String, declaredAnnotations=[]}, Parameter{index=4, type=java.lang.String, declaredAnnotations=[]}, Parameter{index=5, type=java.lang.String, declaredAnnotations=[]}, Parameter{index=6, type=java.lang.String, declaredAnnotations=[]}, Parameter{index=7, type=java.lang.String, declaredAnnotations=[]}])
Arguments: [(java.lang.String) Ankit Lande,(java.lang.String) 9/6/97,(java.lang.String) Mata mandir ward no.14,(java.lang.String) Rajura,(java.lang.String) Maharashtra,(java.lang.String) 442905,(java.lang.String) 9923058476,(java.lang.String) ankitlande.83@gmail.com,(java.lang.String) 123456]
	at org.testng.internal.reflect.DataProviderMethodMatcher.getConformingArguments(DataProviderMethodMatcher.java:45)
	at org.testng.internal.Parameters.injectParameters(Parameters.java:796)
	at org.testng.internal.Invoker.invokeTestMethods(Invoker.java:983)
	at org.testng.internal.TestMethodWorker.invokeTestMethods(TestMethodWorker.java:125)
	at org.testng.internal.TestMethodWorker.run(TestMethodWorker.java:109)
	at org.testng.TestRunner.privateRun(TestRunner.java:648)
	at org.testng.TestRunner.run(TestRunner.java:505)
	at org.testng.SuiteRunner.runTest(SuiteRunner.java:455)
	at org.testng.SuiteRunner.runSequentially(SuiteRunner.java:450)
	at org.testng.SuiteRunner.privateRun(SuiteRunner.java:415)
	at org.testng.SuiteRunner.run(SuiteRunner.java:364)
	at org.testng.SuiteRunnerWorker.runSuite(SuiteRunnerWorker.java:52)
	at org.testng.SuiteRunnerWorker.run(SuiteRunnerWorker.java:84)
	at org.testng.TestNG.runSuitesSequentially(TestNG.java:1208)
	at org.testng.TestNG.runSuitesLocally(TestNG.java:1137)
	at org.testng.TestNG.runSuites(TestNG.java:1049)
	at org.testng.TestNG.run(TestNG.java:1017)
	at org.apache.maven.surefire.testng.TestNGExecutor.run(TestNGExecutor.java:295)
	at org.apache.maven.surefire.testng.TestNGXmlTestSuite.execute(TestNGXmlTestSuite.java:84)
	at org.apache.maven.surefire.testng.TestNGProvider.invoke(TestNGProvider.java:90)
	at org.apache.maven.surefire.booter.ForkedBooter.invokeProviderInSameClassLoader(ForkedBooter.java:203)
	at org.apache.maven.surefire.booter.ForkedBooter.runSuitesInProcess(ForkedBooter.java:155)
	at org.apache.maven.surefire.booter.ForkedBooter.main(ForkedBooter.java:103)
</failure>
    <system-err><![CDATA[Starting ChromeDriver 105.0.5195.52 (412c95e518836d8a7d97250d62b29c2ae6a26a85-refs/branch-heads/5195@{#853}) on port 16280
Only local connections are allowed.
Please see https://chromedriver.chromium.org/security-considerations for suggestions on keeping ChromeDriver safe.
ChromeDriver was started successfully.
[1665754391.453][WARNING]: This version of ChromeDriver has not been tested with Chrome version 106.
Oct 14, 2022 7:03:11 PM org.openqa.selenium.remote.ProtocolHandshake createSession
INFO: Detected dialect: W3C
]]></system-err>
  </testcase>
</testsuite>